<?xml version="1.0" encoding="UTF-8"?>
<!-- Generated by org.testng.reporters.JUnitXMLReporter -->
<testsuite ignored="0" hostname="Praveen" failures="0" tests="6" name="Test" time="0.064" errors="0" timestamp="2022-03-21T13:24:26 IST">
  <testcase classname="testNG.BasicTestNGReport" name="demo" time="0.01"/>
  <testcase classname="testNG.PriorityExecutionOfAnotations" name="Chat" time="0.001"/>
  <testcase classname="testNG.PriorityExecutionOfAnotations" name="settings" time="0.002"/>
  <testcase classname="testNG.PriorityExecutionOfAnotations" name="settings" time="0.002"/>
  <testcase classname="testNG.PriorityExecutionOfAnotations" name="settings" time="0.001"/>
  <testcase classname="testNG.PriorityExecutionOfAnotations" name="calls" time="0.0"/>
</testsuite> <!-- Test -->
